[ 66%] [32mBuilding CXX object CMakeFiles/control_node.dir/src/control_node_main.cpp.o[0m
[ 66%] [32mBuilding CXX object CMakeFiles/control_node.dir/src/control_node.cpp.o[0m
In file included from [01m[K/opt/ros/humble/include/rclcpp/rclcpp/logging.hpp:24[m[K,
                 from [01m[K/opt/ros/humble/include/rclcpp/rclcpp/client.hpp:40[m[K,
                 from [01m[K/opt/ros/humble/include/rclcpp/rclcpp/callback_group.hpp:24[m[K,
                 from [01m[K/opt/ros/humble/include/rclcpp/rclcpp/any_executable.hpp:20[m[K,
                 from [01m[K/opt/ros/humble/include/rclcpp/rclcpp/memory_strategy.hpp:25[m[K,
                 from [01m[K/opt/ros/humble/include/rclcpp/rclcpp/memory_strategies.hpp:18[m[K,
                 from [01m[K/opt/ros/humble/include/rclcpp/rclcpp/executor_options.hpp:20[m[K,
                 from [01m[K/opt/ros/humble/include/rclcpp/rclcpp/executor.hpp:37[m[K,
                 from [01m[K/opt/ros/humble/include/rclcpp/rclcpp/executors/multi_threaded_executor.hpp:25[m[K,
                 from [01m[K/opt/ros/humble/include/rclcpp/rclcpp/executors.hpp:21[m[K,
                 from [01m[K/opt/ros/humble/include/rclcpp/rclcpp/rclcpp.hpp:155[m[K,
                 from [01m[K/home/madnad/practice/mobile_robots_programming/src/assignment_1/src/control_node.hpp:9[m[K,
                 from [01m[K/home/madnad/practice/mobile_robots_programming/src/assignment_1/src/control_node.cpp:1[m[K:
[01m[K/home/madnad/practice/mobile_robots_programming/src/assignment_1/src/control_node.cpp:[m[K In member function â€˜[01m[Kvoid TurtleBot3Controller::control_cycle()[m[Kâ€™:
[01m[K/home/madnad/practice/mobile_robots_programming/src/assignment_1/src/control_node.cpp:59:37:[m[K [01;35m[Kwarning: [m[Kformat â€˜[01m[K%f[m[Kâ€™ expects a matching â€˜[01m[Kdouble[m[Kâ€™ argument [[01;35m[K]8;;https://gcc.gnu.org/onlinedocs/gcc/Warning-Options.html#index-Wformat=-Wformat=]8;;[m[K]
   59 |     RCLCPP_INFO(this->get_logger(), [01;35m[K"{x y z yaw}: {%f %f %f %f}"[m[K, x, y, z);
      |                                     [01;35m[K^~~~~~~~~~~~~~~~~~~~~~~~~~~~[m[K
[01m[K/home/madnad/practice/mobile_robots_programming/src/assignment_1/src/control_node.cpp:59:62:[m[K [01;36m[Knote: [m[Kformat string is defined here
   59 |     RCLCPP_INFO(this->get_logger(), "{x y z yaw}: {%f %f %f [01;36m[K%f[m[K}", x, y, z);
      |                                                             [01;36m[K~^[m[K
      |                                                              [01;36m[K|[m[K
      |                                                              [01;36m[Kdouble[m[K
[01m[K/home/madnad/practice/mobile_robots_programming/src/assignment_1/src/control_node.cpp:57:12:[m[K [01;35m[Kwarning: [m[Kunused variable â€˜[01m[Kyaw[m[Kâ€™ [[01;35m[K]8;;https://gcc.gnu.org/onlinedocs/gcc/Warning-Options.html#index-Wunused-variable-Wunused-variable]8;;[m[K]
   57 |     double [01;35m[Kyaw[m[K = odom2robot.transform.rotation.z;
      |            [01;35m[K^~~[m[K
[01m[K/home/madnad/practice/mobile_robots_programming/src/assignment_1/src/control_node.cpp:[m[K At global scope:
[01m[K/home/madnad/practice/mobile_robots_programming/src/assignment_1/src/control_node.cpp:62:6:[m[K [01;31m[Kerror: [m[Kno declaration matches â€˜[01m[Kvoid TurtleBot3Controller::go_forward()[m[Kâ€™
   62 | void [01;31m[KTurtleBot3Controller[m[K::go_forward()
      |      [01;31m[K^~~~~~~~~~~~~~~~~~~~[m[K
[01m[K/home/madnad/practice/mobile_robots_programming/src/assignment_1/src/control_node.cpp:62:6:[m[K [01;36m[Knote: [m[Kno functions named â€˜[01m[Kvoid TurtleBot3Controller::go_forward()[m[Kâ€™
In file included from [01m[K/home/madnad/practice/mobile_robots_programming/src/assignment_1/src/control_node.cpp:1[m[K:
[01m[K/home/madnad/practice/mobile_robots_programming/src/assignment_1/src/control_node.hpp:25:7:[m[K [01;36m[Knote: [m[Kâ€˜[01m[Kclass TurtleBot3Controller[m[Kâ€™ defined here
   25 | class [01;36m[KTurtleBot3Controller[m[K : public rclcpp::Node
      |       [01;36m[K^~~~~~~~~~~~~~~~~~~~[m[K
[01m[K/home/madnad/practice/mobile_robots_programming/src/assignment_1/src/control_node.cpp:72:6:[m[K [01;31m[Kerror: [m[Kno declaration matches â€˜[01m[Kvoid TurtleBot3Controller::turn()[m[Kâ€™
   72 | void [01;31m[KTurtleBot3Controller[m[K::turn()
      |      [01;31m[K^~~~~~~~~~~~~~~~~~~~[m[K
[01m[K/home/madnad/practice/mobile_robots_programming/src/assignment_1/src/control_node.cpp:72:6:[m[K [01;36m[Knote: [m[Kno functions named â€˜[01m[Kvoid TurtleBot3Controller::turn()[m[Kâ€™
In file included from [01m[K/home/madnad/practice/mobile_robots_programming/src/assignment_1/src/control_node.cpp:1[m[K:
[01m[K/home/madnad/practice/mobile_robots_programming/src/assignment_1/src/control_node.hpp:25:7:[m[K [01;36m[Knote: [m[Kâ€˜[01m[Kclass TurtleBot3Controller[m[Kâ€™ defined here
   25 | class [01;36m[KTurtleBot3Controller[m[K : public rclcpp::Node
      |       [01;36m[K^~~~~~~~~~~~~~~~~~~~[m[K
[01m[K/home/madnad/practice/mobile_robots_programming/src/assignment_1/src/control_node.cpp:101:6:[m[K [01;31m[Kerror: [m[Kno declaration matches â€˜[01m[Kvoid TurtleBot3Controller::activate_timers()[m[Kâ€™
  101 | void [01;31m[KTurtleBot3Controller[m[K::activate_timers()
      |      [01;31m[K^~~~~~~~~~~~~~~~~~~~[m[K
[01m[K/home/madnad/practice/mobile_robots_programming/src/assignment_1/src/control_node.cpp:101:6:[m[K [01;36m[Knote: [m[Kno functions named â€˜[01m[Kvoid TurtleBot3Controller::activate_timers()[m[Kâ€™
In file included from [01m[K/home/madnad/practice/mobile_robots_programming/src/assignment_1/src/control_node.cpp:1[m[K:
[01m[K/home/madnad/practice/mobile_robots_programming/src/assignment_1/src/control_node.hpp:25:7:[m[K [01;36m[Knote: [m[Kâ€˜[01m[Kclass TurtleBot3Controller[m[Kâ€™ defined here
   25 | class [01;36m[KTurtleBot3Controller[m[K : public rclcpp::Node
      |       [01;36m[K^~~~~~~~~~~~~~~~~~~~[m[K
[01m[K/home/madnad/practice/mobile_robots_programming/src/assignment_1/src/control_node.cpp:109:6:[m[K [01;31m[Kerror: [m[Kno declaration matches â€˜[01m[Kvoid TurtleBot3Controller::reset_timers()[m[Kâ€™
  109 | void [01;31m[KTurtleBot3Controller[m[K::reset_timers()
      |      [01;31m[K^~~~~~~~~~~~~~~~~~~~[m[K
[01m[K/home/madnad/practice/mobile_robots_programming/src/assignment_1/src/control_node.cpp:109:6:[m[K [01;36m[Knote: [m[Kno functions named â€˜[01m[Kvoid TurtleBot3Controller::reset_timers()[m[Kâ€™
In file included from [01m[K/home/madnad/practice/mobile_robots_programming/src/assignment_1/src/control_node.cpp:1[m[K:
[01m[K/home/madnad/practice/mobile_robots_programming/src/assignment_1/src/control_node.hpp:25:7:[m[K [01;36m[Knote: [m[Kâ€˜[01m[Kclass TurtleBot3Controller[m[Kâ€™ defined here
   25 | class [01;36m[KTurtleBot3Controller[m[K : public rclcpp::Node
      |       [01;36m[K^~~~~~~~~~~~~~~~~~~~[m[K
[01m[K/home/madnad/practice/mobile_robots_programming/src/assignment_1/src/control_node_main.cpp:[m[K In function â€˜[01m[Kvoid open_loop_control(std::shared_ptr<TurtleBot3Controller>&)[m[Kâ€™:
[01m[K/home/madnad/practice/mobile_robots_programming/src/assignment_1/src/control_node_main.cpp:13:21:[m[K [01;31m[Kerror: [m[Kâ€˜[01m[Kusing element_type = class TurtleBot3Controller[m[Kâ€™ {aka â€˜[01m[Kclass TurtleBot3Controller[m[Kâ€™} has no member named â€˜[01m[Kgo_forward[m[Kâ€™
   13 |         controller->[01;31m[Kgo_forward[m[K();
      |                     [01;31m[K^~~~~~~~~~[m[K
[01m[K/home/madnad/practice/mobile_robots_programming/src/assignment_1/src/control_node_main.cpp:14:21:[m[K [01;31m[Kerror: [m[Kâ€˜[01m[Kusing element_type = class TurtleBot3Controller[m[Kâ€™ {aka â€˜[01m[Kclass TurtleBot3Controller[m[Kâ€™} has no member named â€˜[01m[Kturn[m[Kâ€™
   14 |         controller->[01;31m[Kturn[m[K();
      |                     [01;31m[K^~~~[m[K
gmake[2]: *** [CMakeFiles/control_node.dir/build.make:90: CMakeFiles/control_node.dir/src/control_node_main.cpp.o] Error 1
gmake[2]: *** Waiting for unfinished jobs....
gmake[2]: *** [CMakeFiles/control_node.dir/build.make:76: CMakeFiles/control_node.dir/src/control_node.cpp.o] Error 1
gmake[1]: *** [CMakeFiles/Makefile2:137: CMakeFiles/control_node.dir/all] Error 2
gmake: *** [Makefile:146: all] Error 2
