[01m[K/home/madnad/practice/mobile_robots_programming/src/assignment_1/src/control_node.cpp:[m[K In member function â€˜[01m[Kvoid TurtleBot3Controller::control_cycle()[m[Kâ€™:
[01m[K/home/madnad/practice/mobile_robots_programming/src/assignment_1/src/control_node.cpp:137:9:[m[K [01;31m[Kerror: [m[Kâ€˜[01m[Kpos_init_[m[Kâ€™ was not declared in this scope; did you mean â€˜[01m[Kx_init_[m[Kâ€™?
  137 |         [01;31m[Kpos_init_[m[K = x_init_;
      |         [01;31m[K^~~~~~~~~[m[K
      |         [32m[Kx_init_[m[K
gmake[2]: *** [CMakeFiles/control_node.dir/build.make:76: CMakeFiles/control_node.dir/src/control_node.cpp.o] Error 1
gmake[1]: *** [CMakeFiles/Makefile2:137: CMakeFiles/control_node.dir/all] Error 2
gmake: *** [Makefile:146: all] Error 2
