[0.045s] Invoking command in '/home/madnad/practice/mobile_robots_programming/src/assignment_1/build/assignment_1': CMAKE_PREFIX_PATH=${CMAKE_PREFIX_PATH}:/opt/ros/humble /usr/bin/cmake --build /home/madnad/practice/mobile_robots_programming/src/assignment_1/build/assignment_1 -- -j16 -l16
[0.092s] [ 66%] [32mBuilding CXX object CMakeFiles/control_node.dir/src/control_node_main.cpp.o[0m
[0.093s] [ 66%] [32mBuilding CXX object CMakeFiles/control_node.dir/src/control_node.cpp.o[0m
[0.304s] In file included from [01m[K/home/madnad/practice/mobile_robots_programming/src/assignment_1/src/control_node_main.cpp:3[m[K:
[0.304s] [01m[K/home/madnad/practice/mobile_robots_programming/src/assignment_1/src/control_node.hpp:17:10:[m[K [01;31m[Kfatal error: [m[Ktf/transform_listener.hpp: No such file or directory
[0.304s]    17 | #include [01;31m[K<tf/transform_listener.hpp>[m[K
[0.304s]       |          [01;31m[K^~~~~~~~~~~~~~~~~~~~~~~~~~~[m[K
[0.304s] In file included from [01m[K/home/madnad/practice/mobile_robots_programming/src/assignment_1/src/control_node.cpp:1[m[K:
[0.304s] [01m[K/home/madnad/practice/mobile_robots_programming/src/assignment_1/src/control_node.hpp:17:10:[m[K [01;31m[Kfatal error: [m[Ktf/transform_listener.hpp: No such file or directory
[0.304s]    17 | #include [01;31m[K<tf/transform_listener.hpp>[m[K
[0.305s]       |          [01;31m[K^~~~~~~~~~~~~~~~~~~~~~~~~~~[m[K
[0.305s] compilation terminated.
[0.305s] compilation terminated.
[0.310s] gmake[2]: *** [CMakeFiles/control_node.dir/build.make:76: CMakeFiles/control_node.dir/src/control_node.cpp.o] Error 1
[0.310s] gmake[2]: *** Waiting for unfinished jobs....
[0.310s] gmake[2]: *** [CMakeFiles/control_node.dir/build.make:90: CMakeFiles/control_node.dir/src/control_node_main.cpp.o] Error 1
[0.310s] gmake[1]: *** [CMakeFiles/Makefile2:137: CMakeFiles/control_node.dir/all] Error 2
[0.310s] gmake: *** [Makefile:146: all] Error 2
[0.313s] Invoked command in '/home/madnad/practice/mobile_robots_programming/src/assignment_1/build/assignment_1' returned '2': CMAKE_PREFIX_PATH=${CMAKE_PREFIX_PATH}:/opt/ros/humble /usr/bin/cmake --build /home/madnad/practice/mobile_robots_programming/src/assignment_1/build/assignment_1 -- -j16 -l16
