[01m[K/home/madnad/practice/mobile_robots_programming/src/assignment_1/src/control_node.cpp:[m[K In member function â€˜[01m[Kdouble TurtleBot3Controller::get_linear_distance(double)[m[Kâ€™:
[01m[K/home/madnad/practice/mobile_robots_programming/src/assignment_1/src/control_node.cpp:56:58:[m[K [01;31m[Kerror: [m[Kâ€˜[01m[Kclass TurtleBot3Controller[m[Kâ€™ has no member named â€˜[01m[Kx_init[m[Kâ€™; did you mean â€˜[01m[Kx_init_[m[Kâ€™?
   56 |     return abs(std::sqrt(std::pow(x, 2) + std::pow(this->[01;31m[Kx_init[m[K, 2)) - SQUARE_POLYGON);
      |                                                          [01;31m[K^~~~~~[m[K
      |                                                          [32m[Kx_init_[m[K
gmake[2]: *** [CMakeFiles/control_node.dir/build.make:76: CMakeFiles/control_node.dir/src/control_node.cpp.o] Error 1
gmake[1]: *** [CMakeFiles/Makefile2:137: CMakeFiles/control_node.dir/all] Error 2
gmake: *** [Makefile:146: all] Error 2
