[0.075s] Invoking command in '/home/madnad/practice/mobile_robots_programming/src/assignment_1/build/assignment_1': CMAKE_PREFIX_PATH=${CMAKE_PREFIX_PATH}:/opt/ros/humble /usr/bin/cmake --build /home/madnad/practice/mobile_robots_programming/src/assignment_1/build/assignment_1 -- -j16 -l16
[0.098s] -- Found ament_cmake: 1.3.7 (/opt/ros/humble/share/ament_cmake/cmake)
[0.300s] -- Found rclcpp: 16.0.8 (/opt/ros/humble/share/rclcpp/cmake)
[0.385s] -- Found rosidl_generator_c: 3.1.5 (/opt/ros/humble/share/rosidl_generator_c/cmake)
[0.389s] -- Found rosidl_adapter: 3.1.5 (/opt/ros/humble/share/rosidl_adapter/cmake)
[0.402s] -- Found rosidl_generator_cpp: 3.1.5 (/opt/ros/humble/share/rosidl_generator_cpp/cmake)
[0.422s] -- Using all available rosidl_typesupport_c: rosidl_typesupport_fastrtps_c;rosidl_typesupport_introspection_c
[0.449s] -- Using all available rosidl_typesupport_cpp: rosidl_typesupport_fastrtps_cpp;rosidl_typesupport_introspection_cpp
[0.567s] -- Found rmw_implementation_cmake: 6.1.1 (/opt/ros/humble/share/rmw_implementation_cmake/cmake)
[0.572s] -- Found rmw_fastrtps_cpp: 6.2.6 (/opt/ros/humble/share/rmw_fastrtps_cpp/cmake)
[0.788s] -- Using RMW implementation 'rmw_fastrtps_cpp' as default
[1.063s] -- Found geometry_msgs: 4.2.3 (/opt/ros/humble/share/geometry_msgs/cmake)
[1.127s] -- Found tf2: 0.25.5 (/opt/ros/humble/share/tf2/cmake)
[1.140s] -- Found tf2_geometry_msgs: 0.25.5 (/opt/ros/humble/share/tf2_geometry_msgs/cmake)
[1.147s] -- Found eigen3_cmake_module: 0.1.1 (/opt/ros/humble/share/eigen3_cmake_module/cmake)
[1.149s] -- Ensuring Eigen3 include directory is part of orocos-kdl CMake target
[1.636s] -- Found ament_lint_auto: 0.12.10 (/opt/ros/humble/share/ament_lint_auto/cmake)
[1.778s] -- Added test 'cppcheck' to perform static code analysis on C / C++ code
[1.778s] -- Configured cppcheck include dirs: $<BUILD_INTERFACE:/home/madnad/practice/mobile_robots_programming/src/assignment_1/include>
[1.778s] -- Configured cppcheck exclude dirs and/or files: 
[1.782s] -- Added test 'flake8' to check Python code syntax and style conventions
[1.788s] -- Added test 'lint_cmake' to check CMake code style
[1.791s] -- Added test 'pep257' to check Python code against some of the docstring style conventions in PEP 257
[1.836s] -- Added test 'uncrustify' to check C / C++ code style
[1.836s] -- Configured uncrustify additional arguments: 
[1.840s] -- Added test 'xmllint' to check XML markup files
[1.841s] -- Configuring done
[1.857s] -- Generating done
[1.859s] -- Build files have been written to: /home/madnad/practice/mobile_robots_programming/src/assignment_1/build/assignment_1
[1.884s] [ 50%] [32mBuilding CXX object CMakeFiles/control_node.dir/src/test.cpp.o[0m
[2.107s] [01m[K/home/madnad/practice/mobile_robots_programming/src/assignment_1/src/test.cpp:3:10:[m[K [01;31m[Kfatal error: [m[Knav_msgs/msg/odometry.hpp: No such file or directory
[2.107s]     3 | #include [01;31m[K"nav_msgs/msg/odometry.hpp"[m[K
[2.107s]       |          [01;31m[K^~~~~~~~~~~~~~~~~~~~~~~~~~~[m[K
[2.107s] compilation terminated.
[2.114s] gmake[2]: *** [CMakeFiles/control_node.dir/build.make:76: CMakeFiles/control_node.dir/src/test.cpp.o] Error 1
[2.114s] gmake[1]: *** [CMakeFiles/Makefile2:137: CMakeFiles/control_node.dir/all] Error 2
[2.114s] gmake: *** [Makefile:146: all] Error 2
[2.116s] Invoked command in '/home/madnad/practice/mobile_robots_programming/src/assignment_1/build/assignment_1' returned '2': CMAKE_PREFIX_PATH=${CMAKE_PREFIX_PATH}:/opt/ros/humble /usr/bin/cmake --build /home/madnad/practice/mobile_robots_programming/src/assignment_1/build/assignment_1 -- -j16 -l16
