In file included from [01m[K/home/madnad/practice/mobile_robots_programming/src/assignment_1/src/control_node.cpp:1[m[K:
[01m[K/home/madnad/practice/mobile_robots_programming/src/assignment_1/src/control_node.hpp:17:10:[m[K [01;31m[Kfatal error: [m[Ktf/transform_listener.h: No such file or directory
   17 | #include [01;31m[K<tf/transform_listener.h>[m[K
      |          [01;31m[K^~~~~~~~~~~~~~~~~~~~~~~~~[m[K
compilation terminated.
In file included from [01m[K/home/madnad/practice/mobile_robots_programming/src/assignment_1/src/control_node_main.cpp:3[m[K:
[01m[K/home/madnad/practice/mobile_robots_programming/src/assignment_1/src/control_node.hpp:17:10:[m[K [01;31m[Kfatal error: [m[Ktf/transform_listener.h: No such file or directory
   17 | #include [01;31m[K<tf/transform_listener.h>[m[K
      |          [01;31m[K^~~~~~~~~~~~~~~~~~~~~~~~~[m[K
compilation terminated.
gmake[2]: *** [CMakeFiles/control_node.dir/build.make:76: CMakeFiles/control_node.dir/src/control_node.cpp.o] Error 1
gmake[2]: *** Waiting for unfinished jobs....
gmake[2]: *** [CMakeFiles/control_node.dir/build.make:90: CMakeFiles/control_node.dir/src/control_node_main.cpp.o] Error 1
gmake[1]: *** [CMakeFiles/Makefile2:137: CMakeFiles/control_node.dir/all] Error 2
gmake: *** [Makefile:146: all] Error 2
