In file included from [01m[K/home/madnad/practice/mobile_robots_programming/src/assignment_1/src/control_node_main.cpp:3[m[K:
[01m[K/home/madnad/practice/mobile_robots_programming/src/assignment_1/src/control_node.hpp:27:12:[m[K [01;31m[Kerror: [m[Kexpected identifier before numeric constant
   27 |     struct [01;31m[K6D_pose[m[K {
      |            [01;31m[K^~~~~~~[m[K
[01m[K/home/madnad/practice/mobile_robots_programming/src/assignment_1/src/control_node.hpp:27:12:[m[K [01;31m[Kerror: [m[Kexpected unqualified-id before numeric constant
In file included from [01m[K/home/madnad/practice/mobile_robots_programming/src/assignment_1/src/control_node.cpp:1[m[K:
[01m[K/home/madnad/practice/mobile_robots_programming/src/assignment_1/src/control_node.hpp:27:12:[m[K [01;31m[Kerror: [m[Kexpected identifier before numeric constant
   27 |     struct [01;31m[K6D_pose[m[K {
      |            [01;31m[K^~~~~~~[m[K
[01m[K/home/madnad/practice/mobile_robots_programming/src/assignment_1/src/control_node.hpp:27:12:[m[K [01;31m[Kerror: [m[Kexpected unqualified-id before numeric constant
[01m[K/home/madnad/practice/mobile_robots_programming/src/assignment_1/src/control_node.cpp:[m[K In member function â€˜[01m[Kvoid TurtleBot3Controller::set_parameters()[m[Kâ€™:
[01m[K/home/madnad/practice/mobile_robots_programming/src/assignment_1/src/control_node.cpp:37:11:[m[K [01;31m[Kerror: [m[Kâ€˜[01m[Kclass TurtleBot3Controller[m[Kâ€™ has no member named â€˜[01m[Kspeed_[m[Kâ€™
   37 |     this->[01;31m[Kspeed_[m[K = this->get_parameter("speed").as_double();
      |           [01;31m[K^~~~~~[m[K
In file included from [01m[K/opt/ros/humble/include/rclcpp/rclcpp/logging.hpp:24[m[K,
                 from [01m[K/opt/ros/humble/include/rclcpp/rclcpp/client.hpp:40[m[K,
                 from [01m[K/opt/ros/humble/include/rclcpp/rclcpp/callback_group.hpp:24[m[K,
                 from [01m[K/opt/ros/humble/include/rclcpp/rclcpp/any_executable.hpp:20[m[K,
                 from [01m[K/opt/ros/humble/include/rclcpp/rclcpp/memory_strategy.hpp:25[m[K,
                 from [01m[K/opt/ros/humble/include/rclcpp/rclcpp/memory_strategies.hpp:18[m[K,
                 from [01m[K/opt/ros/humble/include/rclcpp/rclcpp/executor_options.hpp:20[m[K,
                 from [01m[K/opt/ros/humble/include/rclcpp/rclcpp/executor.hpp:37[m[K,
                 from [01m[K/opt/ros/humble/include/rclcpp/rclcpp/executors/multi_threaded_executor.hpp:25[m[K,
                 from [01m[K/opt/ros/humble/include/rclcpp/rclcpp/executors.hpp:21[m[K,
                 from [01m[K/opt/ros/humble/include/rclcpp/rclcpp/rclcpp.hpp:155[m[K,
                 from [01m[K/home/madnad/practice/mobile_robots_programming/src/assignment_1/src/control_node.hpp:9[m[K,
                 from [01m[K/home/madnad/practice/mobile_robots_programming/src/assignment_1/src/control_node.cpp:1[m[K:
[01m[K/home/madnad/practice/mobile_robots_programming/src/assignment_1/src/control_node.cpp:[m[K In member function â€˜[01m[Kvoid TurtleBot3Controller::control_cycle()[m[Kâ€™:
[01m[K/home/madnad/practice/mobile_robots_programming/src/assignment_1/src/control_node.cpp:59:67:[m[K [01;31m[Kerror: [m[Kâ€˜[01m[Kx[m[Kâ€™ was not declared in this scope
   59 |     RCLCPP_INFO(this->get_logger(), "{x y z yaw}: {%f %f %f %f}", [01;31m[Kx[m[K, y, z, yaw);
      |                                                                   [01;31m[K^[m[K
[01m[K/home/madnad/practice/mobile_robots_programming/src/assignment_1/src/control_node.cpp:59:70:[m[K [01;31m[Kerror: [m[Kâ€˜[01m[Ky[m[Kâ€™ was not declared in this scope; did you mean â€˜[01m[Kyn[m[Kâ€™?
   59 |    RCLCPP_INFO(this->get_logger(), "{x y z yaw}: {%f %f %f %f}", x, [01;31m[Ky[m[K, z, yaw);
      |                                                                     [01;31m[K^[m[K

[01m[K/home/madnad/practice/mobile_robots_programming/src/assignment_1/src/control_node.cpp:59:73:[m[K [01;31m[Kerror: [m[Kâ€˜[01m[Kz[m[Kâ€™ was not declared in this scope
   59 |    RCLCPP_INFO(this->get_logger(), "{x y z yaw}: {%f %f %f %f}", x, y, [01;31m[Kz[m[K, yaw);
      |                                                                        [01;31m[K^[m[K

[01m[K/home/madnad/practice/mobile_robots_programming/src/assignment_1/src/control_node.cpp:[m[K In member function â€˜[01m[Krcl_interfaces::msg::SetParametersResult TurtleBot3Controller::param_change_callback(const std::vector<rclcpp::Parameter>&)[m[Kâ€™:
[01m[K/home/madnad/practice/mobile_robots_programming/src/assignment_1/src/control_node.cpp:152:19:[m[K [01;31m[Kerror: [m[Kâ€˜[01m[Kclass TurtleBot3Controller[m[Kâ€™ has no member named â€˜[01m[Kspeed_[m[Kâ€™
  152 |             this->[01;31m[Kspeed_[m[K = param.as_double();
      |                   [01;31m[K^~~~~~[m[K
gmake[2]: *** [CMakeFiles/control_node.dir/build.make:90: CMakeFiles/control_node.dir/src/control_node_main.cpp.o] Error 1
gmake[2]: *** Waiting for unfinished jobs....
gmake[2]: *** [CMakeFiles/control_node.dir/build.make:76: CMakeFiles/control_node.dir/src/control_node.cpp.o] Error 1
gmake[1]: *** [CMakeFiles/Makefile2:137: CMakeFiles/control_node.dir/all] Error 2
gmake: *** [Makefile:146: all] Error 2
