[0.085s] Invoking command in '/home/madnad/practice/mobile_robots_programming/src/assignment_1/build/assignment_1': CMAKE_PREFIX_PATH=${CMAKE_PREFIX_PATH}:/opt/ros/humble /usr/bin/cmake --build /home/madnad/practice/mobile_robots_programming/src/assignment_1/build/assignment_1 -- -j16 -l16
[0.149s] [ 33%] [32mBuilding CXX object CMakeFiles/control_node.dir/src/control_node.cpp.o[0m
[0.149s] [ 66%] [32mBuilding CXX object CMakeFiles/control_node.dir/src/control_node_main.cpp.o[0m
[4.642s] [01m[K/home/madnad/practice/mobile_robots_programming/src/assignment_1/src/control_node_main.cpp:[m[K In function â€˜[01m[Kvoid open_loop_control(std::shared_ptr<TurtleBot3Controller>&)[m[Kâ€™:
[4.642s] [01m[K/home/madnad/practice/mobile_robots_programming/src/assignment_1/src/control_node_main.cpp:13:21:[m[K [01;31m[Kerror: [m[Kâ€˜[01m[Kusing element_type = class TurtleBot3Controller[m[Kâ€™ {aka â€˜[01m[Kclass TurtleBot3Controller[m[Kâ€™} has no member named â€˜[01m[Kgo_forward[m[Kâ€™
[4.642s]    13 |         controller->[01;31m[Kgo_forward[m[K();
[4.642s]       |                     [01;31m[K^~~~~~~~~~[m[K
[4.643s] [01m[K/home/madnad/practice/mobile_robots_programming/src/assignment_1/src/control_node_main.cpp:14:21:[m[K [01;31m[Kerror: [m[Kâ€˜[01m[Kusing element_type = class TurtleBot3Controller[m[Kâ€™ {aka â€˜[01m[Kclass TurtleBot3Controller[m[Kâ€™} has no member named â€˜[01m[Kturn[m[Kâ€™
[4.643s]    14 |         controller->[01;31m[Kturn[m[K();
[4.643s]       |                     [01;31m[K^~~~[m[K
[4.671s] In file included from [01m[K/opt/ros/humble/include/rclcpp/rclcpp/logging.hpp:24[m[K,
[4.672s]                  from [01m[K/opt/ros/humble/include/rclcpp/rclcpp/client.hpp:40[m[K,
[4.672s]                  from [01m[K/opt/ros/humble/include/rclcpp/rclcpp/callback_group.hpp:24[m[K,
[4.672s]                  from [01m[K/opt/ros/humble/include/rclcpp/rclcpp/any_executable.hpp:20[m[K,
[4.672s]                  from [01m[K/opt/ros/humble/include/rclcpp/rclcpp/memory_strategy.hpp:25[m[K,
[4.672s]                  from [01m[K/opt/ros/humble/include/rclcpp/rclcpp/memory_strategies.hpp:18[m[K,
[4.672s]                  from [01m[K/opt/ros/humble/include/rclcpp/rclcpp/executor_options.hpp:20[m[K,
[4.672s]                  from [01m[K/opt/ros/humble/include/rclcpp/rclcpp/executor.hpp:37[m[K,
[4.673s]                  from [01m[K/opt/ros/humble/include/rclcpp/rclcpp/executors/multi_threaded_executor.hpp:25[m[K,
[4.673s]                  from [01m[K/opt/ros/humble/include/rclcpp/rclcpp/executors.hpp:21[m[K,
[4.673s]                  from [01m[K/opt/ros/humble/include/rclcpp/rclcpp/rclcpp.hpp:155[m[K,
[4.673s]                  from [01m[K/home/madnad/practice/mobile_robots_programming/src/assignment_1/src/control_node.hpp:9[m[K,
[4.673s]                  from [01m[K/home/madnad/practice/mobile_robots_programming/src/assignment_1/src/control_node.cpp:1[m[K:
[4.674s] [01m[K/home/madnad/practice/mobile_robots_programming/src/assignment_1/src/control_node.cpp:[m[K In member function â€˜[01m[Kvoid TurtleBot3Controller::control_cycle()[m[Kâ€™:
[4.674s] [01m[K/home/madnad/practice/mobile_robots_programming/src/assignment_1/src/control_node.cpp:59:37:[m[K [01;35m[Kwarning: [m[Kformat â€˜[01m[K%f[m[Kâ€™ expects a matching â€˜[01m[Kdouble[m[Kâ€™ argument [[01;35m[K]8;;https://gcc.gnu.org/onlinedocs/gcc/Warning-Options.html#index-Wformat=-Wformat=]8;;[m[K]
[4.674s]    59 |     RCLCPP_INFO(this->get_logger(), [01;35m[K"{x y z yaw}: {%f %f %f %f}"[m[K, x, y, z);
[4.674s]       |                                     [01;35m[K^~~~~~~~~~~~~~~~~~~~~~~~~~~~[m[K
[4.674s] [01m[K/home/madnad/practice/mobile_robots_programming/src/assignment_1/src/control_node.cpp:59:62:[m[K [01;36m[Knote: [m[Kformat string is defined here
[4.674s]    59 |     RCLCPP_INFO(this->get_logger(), "{x y z yaw}: {%f %f %f [01;36m[K%f[m[K}", x, y, z);
[4.675s]       |                                                             [01;36m[K~^[m[K
[4.675s]       |                                                              [01;36m[K|[m[K
[4.675s]       |                                                              [01;36m[Kdouble[m[K
[4.675s] [01m[K/home/madnad/practice/mobile_robots_programming/src/assignment_1/src/control_node.cpp:57:12:[m[K [01;35m[Kwarning: [m[Kunused variable â€˜[01m[Kyaw[m[Kâ€™ [[01;35m[K]8;;https://gcc.gnu.org/onlinedocs/gcc/Warning-Options.html#index-Wunused-variable-Wunused-variable]8;;[m[K]
[4.675s]    57 |     double [01;35m[Kyaw[m[K = odom2robot.transform.rotation.z;
[4.675s]       |            [01;35m[K^~~[m[K
[5.470s] gmake[2]: *** [CMakeFiles/control_node.dir/build.make:90: CMakeFiles/control_node.dir/src/control_node_main.cpp.o] Error 1
[5.470s] gmake[2]: *** Waiting for unfinished jobs....
[9.192s] gmake[1]: *** [CMakeFiles/Makefile2:137: CMakeFiles/control_node.dir/all] Error 2
[9.192s] gmake: *** [Makefile:146: all] Error 2
[9.195s] Invoked command in '/home/madnad/practice/mobile_robots_programming/src/assignment_1/build/assignment_1' returned '2': CMAKE_PREFIX_PATH=${CMAKE_PREFIX_PATH}:/opt/ros/humble /usr/bin/cmake --build /home/madnad/practice/mobile_robots_programming/src/assignment_1/build/assignment_1 -- -j16 -l16
