[ 33%] [32mBuilding CXX object CMakeFiles/control_node.dir/src/control_node.cpp.o[0m
[ 66%] [32mBuilding CXX object CMakeFiles/control_node.dir/src/control_node_main.cpp.o[0m
In file included from [01m[K/home/madnad/practice/mobile_robots_programming/src/assignment_1/src/control_node.cpp:1[m[K:
[01m[K/home/madnad/practice/mobile_robots_programming/src/assignment_1/src/control_node.hpp:35:16:[m[K [01;31m[Kerror: [m[Kexpected identifier before numeric constant
   35 |         struct [01;31m[K6D_pose[m[K {
      |                [01;31m[K^~~~~~~[m[K
[01m[K/home/madnad/practice/mobile_robots_programming/src/assignment_1/src/control_node.hpp:35:16:[m[K [01;31m[Kerror: [m[Kexpected unqualified-id before numeric constant
[01m[K/home/madnad/practice/mobile_robots_programming/src/assignment_1/src/control_node.cpp:[m[K In member function â€˜[01m[Kvoid TurtleBot3Controller::set_parameters()[m[Kâ€™:
[01m[K/home/madnad/practice/mobile_robots_programming/src/assignment_1/src/control_node.cpp:37:11:[m[K [01;31m[Kerror: [m[Kâ€˜[01m[Kclass TurtleBot3Controller[m[Kâ€™ has no member named â€˜[01m[Kspeed_[m[Kâ€™
   37 |     this->[01;31m[Kspeed_[m[K = this->get_parameter("speed").as_double();
      |           [01;31m[K^~~~~~[m[K
[01m[K/home/madnad/practice/mobile_robots_programming/src/assignment_1/src/control_node.cpp:[m[K In member function â€˜[01m[Kvoid TurtleBot3Controller::control_cycle()[m[Kâ€™:
[01m[K/home/madnad/practice/mobile_robots_programming/src/assignment_1/src/control_node.cpp:55:14:[m[K [01;31m[Kerror: [m[Kexpected initializer before â€˜[01m[K.[m[Kâ€™ token
   55 |     position_[01;31m[K.[m[KsetX(odom2robot.transform.translation.x);
      |              [01;31m[K^[m[K
[01m[K/home/madnad/practice/mobile_robots_programming/src/assignment_1/src/control_node.cpp:56:15:[m[K [01;31m[Kerror: [m[Kinvalid use of member function â€˜[01m[Kconst tf2Scalar& tf2::Vector3::y() const[m[Kâ€™ (did you forget the â€˜[01m[K()[m[Kâ€™ ?)
   56 |     [01;31m[Kposition_.y[m[K = odom2robot.transform.translation.y;
      |     [01;31m[K~~~~~~~~~~^[m[K
      |                [32m[K()[m[K
[01m[K/home/madnad/practice/mobile_robots_programming/src/assignment_1/src/control_node.cpp:57:15:[m[K [01;31m[Kerror: [m[Kinvalid use of member function â€˜[01m[Kconst tf2Scalar& tf2::Vector3::z() const[m[Kâ€™ (did you forget the â€˜[01m[K()[m[Kâ€™ ?)
   57 |     [01;31m[Kposition_.z[m[K = odom2robot.transform.translation.z;
      |     [01;31m[K~~~~~~~~~~^[m[K
      |                [32m[K()[m[K
In file included from [01m[K/opt/ros/humble/include/rclcpp/rclcpp/logging.hpp:24[m[K,
                 from [01m[K/opt/ros/humble/include/rclcpp/rclcpp/client.hpp:40[m[K,
                 from [01m[K/opt/ros/humble/include/rclcpp/rclcpp/callback_group.hpp:24[m[K,
                 from [01m[K/opt/ros/humble/include/rclcpp/rclcpp/any_executable.hpp:20[m[K,
                 from [01m[K/opt/ros/humble/include/rclcpp/rclcpp/memory_strategy.hpp:25[m[K,
                 from [01m[K/opt/ros/humble/include/rclcpp/rclcpp/memory_strategies.hpp:18[m[K,
                 from [01m[K/opt/ros/humble/include/rclcpp/rclcpp/executor_options.hpp:20[m[K,
                 from [01m[K/opt/ros/humble/include/rclcpp/rclcpp/executor.hpp:37[m[K,
                 from [01m[K/opt/ros/humble/include/rclcpp/rclcpp/executors/multi_threaded_executor.hpp:25[m[K,
                 from [01m[K/opt/ros/humble/include/rclcpp/rclcpp/executors.hpp:21[m[K,
                 from [01m[K/opt/ros/humble/include/rclcpp/rclcpp/rclcpp.hpp:155[m[K,
                 from [01m[K/home/madnad/practice/mobile_robots_programming/src/assignment_1/src/control_node.hpp:9[m[K,
                 from [01m[K/home/madnad/practice/mobile_robots_programming/src/assignment_1/src/control_node.cpp:1[m[K:
[01m[K/home/madnad/practice/mobile_robots_programming/src/assignment_1/src/control_node.cpp:60:67:[m[K [01;31m[Kerror: [m[Kâ€˜[01m[Kx[m[Kâ€™ was not declared in this scope
   60 |     RCLCPP_INFO(this->get_logger(), "{x y z yaw}: {%f %f %f %f}", [01;31m[Kx[m[K, y, z, yaw);
      |                                                                   [01;31m[K^[m[K
In file included from [01m[K/home/madnad/practice/mobile_robots_programming/src/assignment_1/src/control_node_main.cpp:3[m[K:
[01m[K/home/madnad/practice/mobile_robots_programming/src/assignment_1/src/control_node.hpp:35:16:[m[K [01;31m[Kerror: [m[Kexpected identifier before numeric constant
   35 |         struct [01;31m[K6D_pose[m[K {
      |                [01;31m[K^~~~~~~[m[K
[01m[K/home/madnad/practice/mobile_robots_programming/src/assignment_1/src/control_node.hpp:35:16:[m[K [01;31m[Kerror: [m[Kexpected unqualified-id before numeric constant
[01m[K/home/madnad/practice/mobile_robots_programming/src/assignment_1/src/control_node.cpp:60:70:[m[K [01;31m[Kerror: [m[Kâ€˜[01m[Ky[m[Kâ€™ was not declared in this scope; did you mean â€˜[01m[Kyn[m[Kâ€™?
   60 |    RCLCPP_INFO(this->get_logger(), "{x y z yaw}: {%f %f %f %f}", x, [01;31m[Ky[m[K, z, yaw);
      |                                                                     [01;31m[K^[m[K

[01m[K/home/madnad/practice/mobile_robots_programming/src/assignment_1/src/control_node.cpp:60:73:[m[K [01;31m[Kerror: [m[Kâ€˜[01m[Kz[m[Kâ€™ was not declared in this scope
   60 |    RCLCPP_INFO(this->get_logger(), "{x y z yaw}: {%f %f %f %f}", x, y, [01;31m[Kz[m[K, yaw);
      |                                                                        [01;31m[K^[m[K

[01m[K/home/madnad/practice/mobile_robots_programming/src/assignment_1/src/control_node.cpp:[m[K In member function â€˜[01m[Krcl_interfaces::msg::SetParametersResult TurtleBot3Controller::param_change_callback(const std::vector<rclcpp::Parameter>&)[m[Kâ€™:
[01m[K/home/madnad/practice/mobile_robots_programming/src/assignment_1/src/control_node.cpp:153:19:[m[K [01;31m[Kerror: [m[Kâ€˜[01m[Kclass TurtleBot3Controller[m[Kâ€™ has no member named â€˜[01m[Kspeed_[m[Kâ€™
  153 |             this->[01;31m[Kspeed_[m[K = param.as_double();
      |                   [01;31m[K^~~~~~[m[K
gmake[2]: *** [CMakeFiles/control_node.dir/build.make:90: CMakeFiles/control_node.dir/src/control_node_main.cpp.o] Error 1
gmake[2]: *** Waiting for unfinished jobs....
gmake[2]: *** [CMakeFiles/control_node.dir/build.make:76: CMakeFiles/control_node.dir/src/control_node.cpp.o] Error 1
gmake[1]: *** [CMakeFiles/Makefile2:137: CMakeFiles/control_node.dir/all] Error 2
gmake: *** [Makefile:146: all] Error 2
